# JRE version: Java(TM) SE Runtime Environment (8.0_151-b12) (build 1.8.0_151-b12)
# Java VM: Java HotSpot(TM) Client VM (25.151-b12 mixed mode windows-x86 )
Heap:
 def new generation   total 36864K, used 11295K [0x04800000, 0x06ff0000, 0x24800000)
  eden space 32832K,  34% used [0x04800000, 0x05307e10, 0x06810000)
  from space 4032K,   0% used [0x06810000, 0x06810000, 0x06c00000)
  to   space 4032K,   0% used [0x06c00000, 0x06c00000, 0x06ff0000)
 tenured generation   total 81580K, used 48945K [0x24800000, 0x297ab000, 0x64800000)
   the space 81580K,  59% used [0x24800000, 0x277cc7c0, 0x277cc800, 0x297ab000)
 Metaspace       used 39542K, capacity 41008K, committed 41216K, reserved 41344K
GC Heap History (10 events):
Event: 549.273 GC heap before
{Heap before GC invocations=129 (full 5):
 def new generation   total 32064K, used 31161K [0x04800000, 0x06ac0000, 0x24800000)
  eden space 28544K, 100% used [0x04800000, 0x063e0000, 0x063e0000)
  from space 3520K,  74% used [0x06750000, 0x069de798, 0x06ac0000)
  to   space 3520K,   0% used [0x063e0000, 0x063e0000, 0x06750000)
 tenured generation   total 71000K, used 63641K [0x24800000, 0x28d56000, 0x64800000)
   the space 71000K,  89% used [0x24800000, 0x286264a0, 0x28626600, 0x28d56000)
 Metaspace       used 39524K, capacity 41004K, committed 41088K, reserved 41344K
Event: 549.298 GC heap after
Heap after GC invocations=130 (full 5):
 def new generation   total 32064K, used 2278K [0x04800000, 0x06ac0000, 0x24800000)
  eden space 28544K,   0% used [0x04800000, 0x04800000, 0x063e0000)
  from space 3520K,  64% used [0x063e0000, 0x066198b8, 0x06750000)
  to   space 3520K,   0% used [0x06750000, 0x06750000, 0x06ac0000)
 tenured generation   total 71000K, used 64789K [0x24800000, 0x28d56000, 0x64800000)
   the space 71000K,  91% used [0x24800000, 0x287455c8, 0x28745600, 0x28d56000)
 Metaspace       used 39524K, capacity 41004K, committed 41088K, reserved 41344K
}
Event: 549.916 GC heap before
{Heap before GC invocations=130 (full 5):
 def new generation   total 32064K, used 30822K [0x04800000, 0x06ac0000, 0x24800000)
  eden space 28544K, 100% used [0x04800000, 0x063e0000, 0x063e0000)
  from space 3520K,  64% used [0x063e0000, 0x066198b8, 0x06750000)
  to   space 3520K,   0% used [0x06750000, 0x06750000, 0x06ac0000)
 tenured generation   total 71000K, used 64789K [0x24800000, 0x28d56000, 0x64800000)
   the space 71000K,  91% used [0x24800000, 0x287455c8, 0x28745600, 0x28d56000)
 Metaspace       used 39560K, capacity 41079K, committed 41088K, reserved 41344K
Event: 549.931 GC heap after
Heap after GC invocations=131 (full 5):
 def new generation   total 32064K, used 1970K [0x04800000, 0x06ac0000, 0x24800000)
  eden space 28544K,   0% used [0x04800000, 0x04800000, 0x063e0000)
  from space 3520K,  55% used [0x06750000, 0x0693cb20, 0x06ac0000)
  to   space 3520K,   0% used [0x063e0000, 0x063e0000, 0x06750000)
 tenured generation   total 71000K, used 65758K [0x24800000, 0x28d56000, 0x64800000)
   the space 71000K,  92% used [0x24800000, 0x28837a58, 0x28837c00, 0x28d56000)
 Metaspace       used 39560K, capacity 41079K, committed 41088K, reserved 41344K
}
Event: 550.223 GC heap before
{Heap before GC invocations=131 (full 5):
 def new generation   total 32064K, used 30514K [0x04800000, 0x06ac0000, 0x24800000)
  eden space 28544K, 100% used [0x04800000, 0x063e0000, 0x063e0000)
  from space 3520K,  55% used [0x06750000, 0x0693cb20, 0x06ac0000)
  to   space 3520K,   0% used [0x063e0000, 0x063e0000, 0x06750000)
 tenured generation   total 71000K, used 65758K [0x24800000, 0x28d56000, 0x64800000)
   the space 71000K,  92% used [0x24800000, 0x28837a58, 0x28837c00, 0x28d56000)
 Metaspace       used 39572K, capacity 41094K, committed 41216K, reserved 41344K
Event: 550.238 GC heap after
Heap after GC invocations=132 (full 5):
 def new generation   total 32064K, used 1373K [0x04800000, 0x06ac0000, 0x24800000)
  eden space 28544K,   0% used [0x04800000, 0x04800000, 0x063e0000)
  from space 3520K,  39% used [0x063e0000, 0x06537408, 0x06750000)
  to   space 3520K,   0% used [0x06750000, 0x06750000, 0x06ac0000)
 tenured generation   total 71000K, used 66882K [0x24800000, 0x28d56000, 0x64800000)
   the space 71000K,  94% used [0x24800000, 0x28950818, 0x28950a00, 0x28d56000)
 Metaspace       used 39572K, capacity 41094K, committed 41216K, reserved 41344K
}
Event: 550.901 GC heap before
{Heap before GC invocations=132 (full 5):
 def new generation   total 32064K, used 29917K [0x04800000, 0x06ac0000, 0x24800000)
  eden space 28544K, 100% used [0x04800000, 0x063e0000, 0x063e0000)
  from space 3520K,  39% used [0x063e0000, 0x06537408, 0x06750000)
  to   space 3520K,   0% used [0x06750000, 0x06750000, 0x06ac0000)
 tenured generation   total 71000K, used 66882K [0x24800000, 0x28d56000, 0x64800000)
   the space 71000K,  94% used [0x24800000, 0x28950818, 0x28950a00, 0x28d56000)
 Metaspace       used 39595K, capacity 41139K, committed 41216K, reserved 41344K
Event: 550.912 GC heap after
Heap after GC invocations=133 (full 5):
 def new generation   total 32064K, used 2915K [0x04800000, 0x06ac0000, 0x24800000)
  eden space 28544K,   0% used [0x04800000, 0x04800000, 0x063e0000)
  from space 3520K,  82% used [0x06750000, 0x06a28d80, 0x06ac0000)
  to   space 3520K,   0% used [0x063e0000, 0x063e0000, 0x06750000)
 tenured generation   total 71000K, used 66882K [0x24800000, 0x28d56000, 0x64800000)
   the space 71000K,  94% used [0x24800000, 0x28950818, 0x28950a00, 0x28d56000)
 Metaspace       used 39595K, capacity 41139K, committed 41216K, reserved 41344K
}
Event: 551.149 GC heap before
{Heap before GC invocations=133 (full 5):
 def new generation   total 32064K, used 31459K [0x04800000, 0x06ac0000, 0x24800000)
  eden space 28544K, 100% used [0x04800000, 0x063e0000, 0x063e0000)
  from space 3520K,  82% used [0x06750000, 0x06a28d80, 0x06ac0000)
  to   space 3520K,   0% used [0x063e0000, 0x063e0000, 0x06750000)
 tenured generation   total 71000K, used 66882K [0x24800000, 0x28d56000, 0x64800000)
   the space 71000K,  94% used [0x24800000, 0x28950818, 0x28950a00, 0x28d56000)
 Metaspace       used 39599K, capacity 41147K, committed 41216K, reserved 41344K
Event: 551.382 GC heap after
Heap after GC invocations=134 (full 6):
 def new generation   total 36864K, used 0K [0x04800000, 0x06ff0000, 0x24800000)
  eden space 32832K,   0% used [0x04800000, 0x04800000, 0x06810000)
  from space 4032K,   0% used [0x06810000, 0x06810000, 0x06c00000)
  to   space 4032K,   0% used [0x06c00000, 0x06c00000, 0x06ff0000)
 tenured generation   total 81580K, used 48945K [0x24800000, 0x297ab000, 0x64800000)
   the space 81580K,  59% used [0x24800000, 0x277cc7c0, 0x277cc800, 0x297ab000)
 Metaspace       used 39456K, capacity 40939K, committed 41216K, reserved 41344K
}

